{"D:\\Work\\nodejs-setup\\src\\controller\\product.ts": {"path":"D:\\Work\\nodejs-setup\\src\\controller\\product.ts","statementMap":{"0":{"start":{"line":2,"column":0},"end":{"line":2,"column":52}},"1":{"start":{"line":8,"column":9},"end":{"line":20,"column":null}},"2":{"start":{"line":8,"column":81},"end":{"line":20,"column":null}},"3":{"start":{"line":9,"column":4},"end":{"line":19,"column":5}},"4":{"start":{"line":10,"column":27},"end":{"line":10,"column":47}},"5":{"start":{"line":11,"column":24},"end":{"line":11,"column":72}},"6":{"start":{"line":12,"column":6},"end":{"line":14,"column":7}},"7":{"start":{"line":13,"column":8},"end":{"line":13,"column":107}},"8":{"start":{"line":15,"column":6},"end":{"line":15,"column":114}},"9":{"start":{"line":18,"column":6},"end":{"line":18,"column":94}},"10":{"start":{"line":23,"column":9},"end":{"line":34,"column":null}},"11":{"start":{"line":23,"column":80},"end":{"line":34,"column":null}},"12":{"start":{"line":24,"column":4},"end":{"line":33,"column":5}},"13":{"start":{"line":25,"column":27},"end":{"line":25,"column":47}},"14":{"start":{"line":26,"column":24},"end":{"line":26,"column":71}},"15":{"start":{"line":27,"column":6},"end":{"line":29,"column":7}},"16":{"start":{"line":28,"column":8},"end":{"line":28,"column":107}},"17":{"start":{"line":30,"column":6},"end":{"line":30,"column":110}},"18":{"start":{"line":32,"column":6},"end":{"line":32,"column":94}},"19":{"start":{"line":37,"column":9},"end":{"line":48,"column":null}},"20":{"start":{"line":37,"column":83},"end":{"line":48,"column":null}},"21":{"start":{"line":38,"column":4},"end":{"line":47,"column":5}},"22":{"start":{"line":39,"column":27},"end":{"line":39,"column":47}},"23":{"start":{"line":40,"column":24},"end":{"line":40,"column":74}},"24":{"start":{"line":41,"column":6},"end":{"line":43,"column":7}},"25":{"start":{"line":42,"column":8},"end":{"line":42,"column":107}},"26":{"start":{"line":44,"column":6},"end":{"line":44,"column":113}},"27":{"start":{"line":46,"column":6},"end":{"line":46,"column":94}},"28":{"start":{"line":51,"column":9},"end":{"line":62,"column":null}},"29":{"start":{"line":51,"column":83},"end":{"line":62,"column":null}},"30":{"start":{"line":52,"column":4},"end":{"line":61,"column":5}},"31":{"start":{"line":53,"column":27},"end":{"line":53,"column":47}},"32":{"start":{"line":54,"column":24},"end":{"line":54,"column":74}},"33":{"start":{"line":55,"column":6},"end":{"line":57,"column":7}},"34":{"start":{"line":56,"column":8},"end":{"line":56,"column":107}},"35":{"start":{"line":58,"column":6},"end":{"line":58,"column":113}},"36":{"start":{"line":60,"column":6},"end":{"line":60,"column":94}},"37":{"start":{"line":65,"column":9},"end":{"line":76,"column":null}},"38":{"start":{"line":65,"column":83},"end":{"line":76,"column":null}},"39":{"start":{"line":66,"column":4},"end":{"line":75,"column":5}},"40":{"start":{"line":67,"column":27},"end":{"line":67,"column":47}},"41":{"start":{"line":68,"column":24},"end":{"line":68,"column":74}},"42":{"start":{"line":69,"column":6},"end":{"line":71,"column":7}},"43":{"start":{"line":70,"column":8},"end":{"line":70,"column":107}},"44":{"start":{"line":72,"column":6},"end":{"line":72,"column":105}},"45":{"start":{"line":74,"column":6},"end":{"line":74,"column":94}},"46":{"start":{"line":5,"column":0},"end":{"line":5,"column":13}}},"fnMap":{"0":{"name":"(anonymous_7)","decl":{"start":{"line":5,"column":0},"end":{"line":5,"column":13}},"loc":{"start":{"line":5,"column":0},"end":{"line":78,"column":1}}},"1":{"name":"(anonymous_8)","decl":{"start":{"line":8,"column":23},"end":{"line":8,"column":30}},"loc":{"start":{"line":8,"column":81},"end":{"line":20,"column":null}}},"2":{"name":"(anonymous_9)","decl":{"start":{"line":8,"column":81},"end":{"line":8,"column":null}},"loc":{"start":{"line":8,"column":81},"end":{"line":20,"column":3}}},"3":{"name":"(anonymous_10)","decl":{"start":{"line":23,"column":22},"end":{"line":23,"column":29}},"loc":{"start":{"line":23,"column":80},"end":{"line":34,"column":null}}},"4":{"name":"(anonymous_11)","decl":{"start":{"line":23,"column":80},"end":{"line":23,"column":null}},"loc":{"start":{"line":23,"column":80},"end":{"line":34,"column":3}}},"5":{"name":"(anonymous_12)","decl":{"start":{"line":37,"column":25},"end":{"line":37,"column":32}},"loc":{"start":{"line":37,"column":83},"end":{"line":48,"column":null}}},"6":{"name":"(anonymous_13)","decl":{"start":{"line":37,"column":83},"end":{"line":37,"column":null}},"loc":{"start":{"line":37,"column":83},"end":{"line":48,"column":3}}},"7":{"name":"(anonymous_14)","decl":{"start":{"line":51,"column":25},"end":{"line":51,"column":32}},"loc":{"start":{"line":51,"column":83},"end":{"line":62,"column":null}}},"8":{"name":"(anonymous_15)","decl":{"start":{"line":51,"column":83},"end":{"line":51,"column":null}},"loc":{"start":{"line":51,"column":83},"end":{"line":62,"column":3}}},"9":{"name":"(anonymous_16)","decl":{"start":{"line":65,"column":25},"end":{"line":65,"column":32}},"loc":{"start":{"line":65,"column":83},"end":{"line":76,"column":null}}},"10":{"name":"(anonymous_17)","decl":{"start":{"line":65,"column":83},"end":{"line":65,"column":null}},"loc":{"start":{"line":65,"column":83},"end":{"line":76,"column":3}}}},"branchMap":{"0":{"loc":{"start":{"line":12,"column":6},"end":{"line":14,"column":7}},"type":"if","locations":[{"start":{"line":12,"column":6},"end":{"line":14,"column":7}},{"start":{},"end":{}}]},"1":{"loc":{"start":{"line":13,"column":63},"end":{"line":13,"column":103}},"type":"binary-expr","locations":[{"start":{"line":13,"column":63},"end":{"line":13,"column":77}},{"start":{"line":13,"column":81},"end":{"line":13,"column":103}}]},"2":{"loc":{"start":{"line":18,"column":61},"end":{"line":18,"column":90}},"type":"binary-expr","locations":[{"start":{"line":18,"column":61},"end":{"line":18,"column":72}},{"start":{"line":18,"column":76},"end":{"line":18,"column":90}}]},"3":{"loc":{"start":{"line":27,"column":6},"end":{"line":29,"column":7}},"type":"if","locations":[{"start":{"line":27,"column":6},"end":{"line":29,"column":7}},{"start":{},"end":{}}]},"4":{"loc":{"start":{"line":28,"column":63},"end":{"line":28,"column":103}},"type":"binary-expr","locations":[{"start":{"line":28,"column":63},"end":{"line":28,"column":77}},{"start":{"line":28,"column":81},"end":{"line":28,"column":103}}]},"5":{"loc":{"start":{"line":32,"column":61},"end":{"line":32,"column":90}},"type":"binary-expr","locations":[{"start":{"line":32,"column":61},"end":{"line":32,"column":72}},{"start":{"line":32,"column":76},"end":{"line":32,"column":90}}]},"6":{"loc":{"start":{"line":41,"column":6},"end":{"line":43,"column":7}},"type":"if","locations":[{"start":{"line":41,"column":6},"end":{"line":43,"column":7}},{"start":{},"end":{}}]},"7":{"loc":{"start":{"line":42,"column":63},"end":{"line":42,"column":103}},"type":"binary-expr","locations":[{"start":{"line":42,"column":63},"end":{"line":42,"column":77}},{"start":{"line":42,"column":81},"end":{"line":42,"column":103}}]},"8":{"loc":{"start":{"line":46,"column":61},"end":{"line":46,"column":90}},"type":"binary-expr","locations":[{"start":{"line":46,"column":61},"end":{"line":46,"column":72}},{"start":{"line":46,"column":76},"end":{"line":46,"column":90}}]},"9":{"loc":{"start":{"line":55,"column":6},"end":{"line":57,"column":7}},"type":"if","locations":[{"start":{"line":55,"column":6},"end":{"line":57,"column":7}},{"start":{},"end":{}}]},"10":{"loc":{"start":{"line":56,"column":63},"end":{"line":56,"column":103}},"type":"binary-expr","locations":[{"start":{"line":56,"column":63},"end":{"line":56,"column":77}},{"start":{"line":56,"column":81},"end":{"line":56,"column":103}}]},"11":{"loc":{"start":{"line":60,"column":61},"end":{"line":60,"column":90}},"type":"binary-expr","locations":[{"start":{"line":60,"column":61},"end":{"line":60,"column":72}},{"start":{"line":60,"column":76},"end":{"line":60,"column":90}}]},"12":{"loc":{"start":{"line":69,"column":6},"end":{"line":71,"column":7}},"type":"if","locations":[{"start":{"line":69,"column":6},"end":{"line":71,"column":7}},{"start":{},"end":{}}]},"13":{"loc":{"start":{"line":70,"column":63},"end":{"line":70,"column":103}},"type":"binary-expr","locations":[{"start":{"line":70,"column":63},"end":{"line":70,"column":77}},{"start":{"line":70,"column":81},"end":{"line":70,"column":103}}]},"14":{"loc":{"start":{"line":74,"column":61},"end":{"line":74,"column":90}},"type":"binary-expr","locations":[{"start":{"line":74,"column":61},"end":{"line":74,"column":72}},{"start":{"line":74,"column":76},"end":{"line":74,"column":90}}]}},"s":{"0":3,"1":3,"2":10,"3":10,"4":10,"5":10,"6":7,"7":4,"8":3,"9":3,"10":3,"11":8,"12":8,"13":8,"14":8,"15":6,"16":3,"17":3,"18":2,"19":3,"20":8,"21":8,"22":8,"23":8,"24":5,"25":2,"26":3,"27":3,"28":3,"29":8,"30":8,"31":8,"32":8,"33":6,"34":3,"35":3,"36":2,"37":3,"38":8,"39":8,"40":8,"41":8,"42":6,"43":3,"44":3,"45":2,"46":3},"f":{"0":3,"1":10,"2":10,"3":8,"4":8,"5":8,"6":8,"7":8,"8":8,"9":8,"10":8},"b":{"0":[4,3],"1":[4,0],"2":[3,0],"3":[3,3],"4":[3,0],"5":[2,0],"6":[2,3],"7":[2,0],"8":[3,0],"9":[3,3],"10":[3,0],"11":[2,0],"12":[3,3],"13":[3,0],"14":[2,0]}}
,"D:\\Work\\nodejs-setup\\src\\controller\\users.ts": {"path":"D:\\Work\\nodejs-setup\\src\\controller\\users.ts","statementMap":{"0":{"start":{"line":2,"column":0},"end":{"line":2,"column":47}},"1":{"start":{"line":8,"column":9},"end":{"line":20,"column":4}},"2":{"start":{"line":8,"column":75},"end":{"line":20,"column":4}},"3":{"start":{"line":9,"column":4},"end":{"line":19,"column":5}},"4":{"start":{"line":10,"column":26},"end":{"line":10,"column":43}},"5":{"start":{"line":11,"column":26},"end":{"line":11,"column":65}},"6":{"start":{"line":12,"column":6},"end":{"line":14,"column":7}},"7":{"start":{"line":13,"column":8},"end":{"line":13,"column":107}},"8":{"start":{"line":16,"column":6},"end":{"line":16,"column":101}},"9":{"start":{"line":18,"column":7},"end":{"line":18,"column":97}},"10":{"start":{"line":23,"column":9},"end":{"line":36,"column":4}},"11":{"start":{"line":23,"column":76},"end":{"line":36,"column":4}},"12":{"start":{"line":24,"column":4},"end":{"line":35,"column":5}},"13":{"start":{"line":25,"column":26},"end":{"line":25,"column":43}},"14":{"start":{"line":26,"column":26},"end":{"line":26,"column":66}},"15":{"start":{"line":28,"column":6},"end":{"line":30,"column":7}},"16":{"start":{"line":29,"column":8},"end":{"line":29,"column":107}},"17":{"start":{"line":32,"column":6},"end":{"line":32,"column":102}},"18":{"start":{"line":34,"column":7},"end":{"line":34,"column":97}},"19":{"start":{"line":5,"column":0},"end":{"line":5,"column":13}}},"fnMap":{"0":{"name":"(anonymous_7)","decl":{"start":{"line":5,"column":0},"end":{"line":5,"column":13}},"loc":{"start":{"line":5,"column":0},"end":{"line":38,"column":1}}},"1":{"name":"(anonymous_8)","decl":{"start":{"line":8,"column":17},"end":{"line":8,"column":24}},"loc":{"start":{"line":8,"column":75},"end":{"line":20,"column":4}}},"2":{"name":"(anonymous_9)","decl":{"start":{"line":8,"column":75},"end":{"line":8,"column":null}},"loc":{"start":{"line":8,"column":75},"end":{"line":20,"column":3}}},"3":{"name":"(anonymous_10)","decl":{"start":{"line":23,"column":18},"end":{"line":23,"column":25}},"loc":{"start":{"line":23,"column":76},"end":{"line":36,"column":4}}},"4":{"name":"(anonymous_11)","decl":{"start":{"line":23,"column":76},"end":{"line":23,"column":null}},"loc":{"start":{"line":23,"column":76},"end":{"line":36,"column":3}}}},"branchMap":{"0":{"loc":{"start":{"line":12,"column":6},"end":{"line":14,"column":7}},"type":"if","locations":[{"start":{"line":12,"column":6},"end":{"line":14,"column":7}},{"start":{},"end":{}}]},"1":{"loc":{"start":{"line":13,"column":63},"end":{"line":13,"column":103}},"type":"binary-expr","locations":[{"start":{"line":13,"column":63},"end":{"line":13,"column":77}},{"start":{"line":13,"column":81},"end":{"line":13,"column":103}}]},"2":{"loc":{"start":{"line":18,"column":62},"end":{"line":18,"column":93}},"type":"binary-expr","locations":[{"start":{"line":18,"column":62},"end":{"line":18,"column":75}},{"start":{"line":18,"column":79},"end":{"line":18,"column":93}}]},"3":{"loc":{"start":{"line":28,"column":6},"end":{"line":30,"column":7}},"type":"if","locations":[{"start":{"line":28,"column":6},"end":{"line":30,"column":7}},{"start":{},"end":{}}]},"4":{"loc":{"start":{"line":29,"column":63},"end":{"line":29,"column":103}},"type":"binary-expr","locations":[{"start":{"line":29,"column":63},"end":{"line":29,"column":77}},{"start":{"line":29,"column":81},"end":{"line":29,"column":103}}]},"5":{"loc":{"start":{"line":34,"column":62},"end":{"line":34,"column":93}},"type":"binary-expr","locations":[{"start":{"line":34,"column":62},"end":{"line":34,"column":75}},{"start":{"line":34,"column":79},"end":{"line":34,"column":93}}]}},"s":{"0":2,"1":2,"2":3,"3":3,"4":3,"5":3,"6":2,"7":1,"8":1,"9":1,"10":2,"11":3,"12":3,"13":3,"14":3,"15":2,"16":1,"17":1,"18":1,"19":2},"f":{"0":2,"1":3,"2":3,"3":3,"4":3},"b":{"0":[1,1],"1":[1,0],"2":[1,0],"3":[1,1],"4":[1,0],"5":[1,0]}}
,"D:\\Work\\nodejs-setup\\src\\middleware\\auth.ts": {"path":"D:\\Work\\nodejs-setup\\src\\middleware\\auth.ts","statementMap":{"0":{"start":{"line":2,"column":0},"end":{"line":2,"column":31}},"1":{"start":{"line":4,"column":20},"end":{"line":34,"column":2}},"2":{"start":{"line":4,"column":78},"end":{"line":34,"column":2}},"3":{"start":{"line":5,"column":23},"end":{"line":5,"column":51}},"4":{"start":{"line":7,"column":2},"end":{"line":12,"column":3}},"5":{"start":{"line":8,"column":4},"end":{"line":11,"column":7}},"6":{"start":{"line":14,"column":17},"end":{"line":14,"column":40}},"7":{"start":{"line":15,"column":16},"end":{"line":15,"column":25}},"8":{"start":{"line":17,"column":2},"end":{"line":22,"column":3}},"9":{"start":{"line":18,"column":4},"end":{"line":21,"column":7}},"10":{"start":{"line":24,"column":2},"end":{"line":33,"column":3}},"11":{"start":{"line":25,"column":20},"end":{"line":25,"column":62}},"12":{"start":{"line":26,"column":5},"end":{"line":26,"column":32}},"13":{"start":{"line":27,"column":4},"end":{"line":27,"column":11}},"14":{"start":{"line":29,"column":4},"end":{"line":32,"column":7}},"15":{"start":{"line":4,"column":13},"end":{"line":4,"column":20}}},"fnMap":{"0":{"name":"(anonymous_8)","decl":{"start":{"line":4,"column":20},"end":{"line":4,"column":27}},"loc":{"start":{"line":4,"column":78},"end":{"line":34,"column":2}}},"1":{"name":"(anonymous_9)","decl":{"start":{"line":4,"column":78},"end":{"line":4,"column":null}},"loc":{"start":{"line":4,"column":78},"end":{"line":34,"column":1}}}},"branchMap":{"0":{"loc":{"start":{"line":7,"column":2},"end":{"line":12,"column":3}},"type":"if","locations":[{"start":{"line":7,"column":2},"end":{"line":12,"column":3}},{"start":{},"end":{}}]},"1":{"loc":{"start":{"line":17,"column":2},"end":{"line":22,"column":3}},"type":"if","locations":[{"start":{"line":17,"column":2},"end":{"line":22,"column":3}},{"start":{},"end":{}}]}},"s":{"0":1,"1":1,"2":21,"3":21,"4":21,"5":5,"6":16,"7":16,"8":16,"9":2,"10":14,"11":14,"12":10,"13":10,"14":4,"15":1},"f":{"0":21,"1":21},"b":{"0":[5,16],"1":[2,14]}}
,"D:\\Work\\nodejs-setup\\src\\models\\product.ts": {"path":"D:\\Work\\nodejs-setup\\src\\models\\product.ts","statementMap":{"0":{"start":{"line":29,"column":9},"end":{"line":29,"column":24}},"1":{"start":{"line":2,"column":0},"end":{"line":2,"column":58}},"2":{"start":{"line":5,"column":18},"end":{"line":5,"column":28}},"3":{"start":{"line":15,"column":28},"end":{"line":22,"column":2}},"4":{"start":{"line":26,"column":4},"end":{"line":26,"column":null}}},"fnMap":{"0":{"name":"getProductModel","decl":{"start":{"line":25,"column":9},"end":{"line":25,"column":24}},"loc":{"start":{"line":25,"column":24},"end":{"line":27,"column":1}}}},"branchMap":{},"s":{"0":3,"1":3,"2":3,"3":3,"4":0},"f":{"0":0},"b":{}}
,"D:\\Work\\nodejs-setup\\src\\models\\users.ts": {"path":"D:\\Work\\nodejs-setup\\src\\models\\users.ts","statementMap":{"0":{"start":{"line":28,"column":9},"end":{"line":28,"column":21}},"1":{"start":{"line":2,"column":0},"end":{"line":2,"column":42}},"2":{"start":{"line":5,"column":18},"end":{"line":5,"column":25}},"3":{"start":{"line":14,"column":25},"end":{"line":20,"column":2}},"4":{"start":{"line":28,"column":22},"end":{"line":28,"column":32}},"5":{"start":{"line":24,"column":4},"end":{"line":24,"column":null}}},"fnMap":{"0":{"name":"getUserModel","decl":{"start":{"line":23,"column":9},"end":{"line":23,"column":21}},"loc":{"start":{"line":23,"column":21},"end":{"line":25,"column":1}}}},"branchMap":{},"s":{"0":3,"1":3,"2":3,"3":3,"4":3,"5":0},"f":{"0":0},"b":{}}
,"D:\\Work\\nodejs-setup\\src\\routes\\index.ts": {"path":"D:\\Work\\nodejs-setup\\src\\routes\\index.ts","statementMap":{"0":{"start":{"line":1,"column":0},"end":{"line":1,"column":42}},"1":{"start":{"line":2,"column":0},"end":{"line":2,"column":40}},"2":{"start":{"line":3,"column":0},"end":{"line":3,"column":36}},"3":{"start":{"line":5,"column":23},"end":{"line":5,"column":39}},"4":{"start":{"line":7,"column":0},"end":{"line":7,"column":28}},"5":{"start":{"line":8,"column":0},"end":{"line":8,"column":34}},"6":{"start":{"line":11,"column":0},"end":{"line":11,"column":22}}},"fnMap":{},"branchMap":{},"s":{"0":1,"1":1,"2":1,"3":1,"4":1,"5":1,"6":1},"f":{},"b":{}}
,"D:\\Work\\nodejs-setup\\src\\routes\\product.ts": {"path":"D:\\Work\\nodejs-setup\\src\\routes\\product.ts","statementMap":{"0":{"start":{"line":1,"column":0},"end":{"line":1,"column":29}},"1":{"start":{"line":2,"column":15},"end":{"line":2,"column":31}},"2":{"start":{"line":3,"column":0},"end":{"line":3,"column":57}},"3":{"start":{"line":4,"column":0},"end":{"line":4,"column":41}},"4":{"start":{"line":6,"column":23},"end":{"line":6,"column":46}},"5":{"start":{"line":8,"column":0},"end":{"line":8,"column":null}},"6":{"start":{"line":10,"column":0},"end":{"line":10,"column":null}},"7":{"start":{"line":11,"column":0},"end":{"line":11,"column":null}},"8":{"start":{"line":12,"column":0},"end":{"line":12,"column":null}},"9":{"start":{"line":13,"column":0},"end":{"line":13,"column":null}},"10":{"start":{"line":14,"column":0},"end":{"line":14,"column":null}},"11":{"start":{"line":16,"column":0},"end":{"line":16,"column":null}}},"fnMap":{},"branchMap":{},"s":{"0":1,"1":1,"2":1,"3":1,"4":1,"5":1,"6":1,"7":1,"8":1,"9":1,"10":1,"11":1},"f":{},"b":{}}
,"D:\\Work\\nodejs-setup\\src\\routes\\users.ts": {"path":"D:\\Work\\nodejs-setup\\src\\routes\\users.ts","statementMap":{"0":{"start":{"line":1,"column":0},"end":{"line":1,"column":29}},"1":{"start":{"line":2,"column":15},"end":{"line":2,"column":31}},"2":{"start":{"line":3,"column":0},"end":{"line":3,"column":52}},"3":{"start":{"line":5,"column":20},"end":{"line":5,"column":40}},"4":{"start":{"line":10,"column":0},"end":{"line":10,"column":null}},"5":{"start":{"line":11,"column":0},"end":{"line":11,"column":null}},"6":{"start":{"line":13,"column":0},"end":{"line":13,"column":null}}},"fnMap":{},"branchMap":{},"s":{"0":2,"1":2,"2":2,"3":2,"4":2,"5":2,"6":2},"f":{},"b":{}}
,"D:\\Work\\nodejs-setup\\src\\service\\product.ts": {"path":"D:\\Work\\nodejs-setup\\src\\service\\product.ts","statementMap":{"0":{"start":{"line":2,"column":0},"end":{"line":2,"column":52}},"1":{"start":{"line":6,"column":11},"end":{"line":24,"column":6}},"2":{"start":{"line":6,"column":83},"end":{"line":24,"column":6}},"3":{"start":{"line":7,"column":8},"end":{"line":23,"column":9}},"4":{"start":{"line":9,"column":33},"end":{"line":9,"column":50}},"5":{"start":{"line":10,"column":29},"end":{"line":10,"column":56}},"6":{"start":{"line":13,"column":12},"end":{"line":15,"column":13}},"7":{"start":{"line":14,"column":16},"end":{"line":14,"column":71}},"8":{"start":{"line":17,"column":12},"end":{"line":17,"column":52}},"9":{"start":{"line":21,"column":12},"end":{"line":21,"column":61}},"10":{"start":{"line":22,"column":12},"end":{"line":22,"column":null}},"11":{"start":{"line":26,"column":11},"end":{"line":42,"column":6}},"12":{"start":{"line":26,"column":82},"end":{"line":42,"column":6}},"13":{"start":{"line":27,"column":8},"end":{"line":41,"column":9}},"14":{"start":{"line":28,"column":33},"end":{"line":28,"column":50}},"15":{"start":{"line":29,"column":30},"end":{"line":29,"column":43}},"16":{"start":{"line":30,"column":28},"end":{"line":30,"column":66}},"17":{"start":{"line":32,"column":12},"end":{"line":34,"column":13}},"18":{"start":{"line":33,"column":16},"end":{"line":33,"column":71}},"19":{"start":{"line":36,"column":12},"end":{"line":36,"column":51}},"20":{"start":{"line":39,"column":12},"end":{"line":39,"column":60}},"21":{"start":{"line":40,"column":12},"end":{"line":40,"column":null}},"22":{"start":{"line":46,"column":11},"end":{"line":62,"column":6}},"23":{"start":{"line":46,"column":85},"end":{"line":62,"column":6}},"24":{"start":{"line":47,"column":8},"end":{"line":61,"column":9}},"25":{"start":{"line":48,"column":33},"end":{"line":48,"column":50}},"26":{"start":{"line":49,"column":31},"end":{"line":49,"column":57}},"27":{"start":{"line":50,"column":33},"end":{"line":50,"column":56}},"28":{"start":{"line":52,"column":12},"end":{"line":54,"column":13}},"29":{"start":{"line":53,"column":16},"end":{"line":53,"column":78}},"30":{"start":{"line":56,"column":12},"end":{"line":56,"column":56}},"31":{"start":{"line":59,"column":12},"end":{"line":59,"column":60}},"32":{"start":{"line":60,"column":12},"end":{"line":60,"column":null}},"33":{"start":{"line":65,"column":11},"end":{"line":81,"column":6}},"34":{"start":{"line":65,"column":85},"end":{"line":81,"column":6}},"35":{"start":{"line":66,"column":8},"end":{"line":80,"column":9}},"36":{"start":{"line":67,"column":33},"end":{"line":67,"column":50}},"37":{"start":{"line":68,"column":30},"end":{"line":68,"column":43}},"38":{"start":{"line":69,"column":35},"end":{"line":69,"column":107}},"39":{"start":{"line":70,"column":12},"end":{"line":72,"column":13}},"40":{"start":{"line":71,"column":16},"end":{"line":71,"column":78}},"41":{"start":{"line":73,"column":12},"end":{"line":73,"column":58}},"42":{"start":{"line":78,"column":12},"end":{"line":78,"column":60}},"43":{"start":{"line":79,"column":12},"end":{"line":79,"column":null}},"44":{"start":{"line":84,"column":11},"end":{"line":100,"column":6}},"45":{"start":{"line":84,"column":85},"end":{"line":100,"column":6}},"46":{"start":{"line":85,"column":8},"end":{"line":99,"column":9}},"47":{"start":{"line":86,"column":33},"end":{"line":86,"column":50}},"48":{"start":{"line":87,"column":30},"end":{"line":87,"column":43}},"49":{"start":{"line":88,"column":35},"end":{"line":88,"column":82}},"50":{"start":{"line":90,"column":12},"end":{"line":92,"column":13}},"51":{"start":{"line":91,"column":16},"end":{"line":91,"column":78}},"52":{"start":{"line":94,"column":12},"end":{"line":94,"column":58}},"53":{"start":{"line":97,"column":12},"end":{"line":97,"column":60}},"54":{"start":{"line":98,"column":12},"end":{"line":98,"column":null}},"55":{"start":{"line":4,"column":0},"end":{"line":4,"column":13}}},"fnMap":{"0":{"name":"(anonymous_7)","decl":{"start":{"line":4,"column":0},"end":{"line":4,"column":13}},"loc":{"start":{"line":4,"column":0},"end":{"line":106,"column":1}}},"1":{"name":"(anonymous_8)","decl":{"start":{"line":6,"column":25},"end":{"line":6,"column":32}},"loc":{"start":{"line":6,"column":83},"end":{"line":24,"column":6}}},"2":{"name":"(anonymous_9)","decl":{"start":{"line":6,"column":83},"end":{"line":6,"column":null}},"loc":{"start":{"line":6,"column":83},"end":{"line":24,"column":5}}},"3":{"name":"(anonymous_10)","decl":{"start":{"line":26,"column":24},"end":{"line":26,"column":31}},"loc":{"start":{"line":26,"column":82},"end":{"line":42,"column":6}}},"4":{"name":"(anonymous_11)","decl":{"start":{"line":26,"column":82},"end":{"line":26,"column":null}},"loc":{"start":{"line":26,"column":82},"end":{"line":42,"column":5}}},"5":{"name":"(anonymous_12)","decl":{"start":{"line":46,"column":27},"end":{"line":46,"column":34}},"loc":{"start":{"line":46,"column":85},"end":{"line":62,"column":6}}},"6":{"name":"(anonymous_13)","decl":{"start":{"line":46,"column":85},"end":{"line":46,"column":null}},"loc":{"start":{"line":46,"column":85},"end":{"line":62,"column":5}}},"7":{"name":"(anonymous_14)","decl":{"start":{"line":65,"column":27},"end":{"line":65,"column":34}},"loc":{"start":{"line":65,"column":85},"end":{"line":81,"column":6}}},"8":{"name":"(anonymous_15)","decl":{"start":{"line":65,"column":85},"end":{"line":65,"column":null}},"loc":{"start":{"line":65,"column":85},"end":{"line":81,"column":5}}},"9":{"name":"(anonymous_16)","decl":{"start":{"line":84,"column":27},"end":{"line":84,"column":34}},"loc":{"start":{"line":84,"column":85},"end":{"line":100,"column":6}}},"10":{"name":"(anonymous_17)","decl":{"start":{"line":84,"column":85},"end":{"line":84,"column":null}},"loc":{"start":{"line":84,"column":85},"end":{"line":100,"column":5}}}},"branchMap":{"0":{"loc":{"start":{"line":13,"column":12},"end":{"line":15,"column":13}},"type":"if","locations":[{"start":{"line":13,"column":12},"end":{"line":15,"column":13}},{"start":{},"end":{}}]},"1":{"loc":{"start":{"line":32,"column":12},"end":{"line":34,"column":13}},"type":"if","locations":[{"start":{"line":32,"column":12},"end":{"line":34,"column":13}},{"start":{},"end":{}}]},"2":{"loc":{"start":{"line":52,"column":12},"end":{"line":54,"column":13}},"type":"if","locations":[{"start":{"line":52,"column":12},"end":{"line":54,"column":13}},{"start":{},"end":{}}]},"3":{"loc":{"start":{"line":70,"column":12},"end":{"line":72,"column":13}},"type":"if","locations":[{"start":{"line":70,"column":12},"end":{"line":72,"column":13}},{"start":{},"end":{}}]},"4":{"loc":{"start":{"line":90,"column":12},"end":{"line":92,"column":13}},"type":"if","locations":[{"start":{"line":90,"column":12},"end":{"line":92,"column":13}},{"start":{},"end":{}}]}},"s":{"0":3,"1":10,"2":2,"3":2,"4":2,"5":2,"6":2,"7":1,"8":1,"9":0,"10":0,"11":10,"12":2,"13":2,"14":2,"15":2,"16":2,"17":2,"18":1,"19":1,"20":0,"21":0,"22":10,"23":2,"24":2,"25":2,"26":2,"27":2,"28":1,"29":0,"30":1,"31":1,"32":1,"33":10,"34":2,"35":2,"36":2,"37":2,"38":2,"39":2,"40":1,"41":1,"42":0,"43":0,"44":10,"45":2,"46":2,"47":2,"48":2,"49":2,"50":2,"51":1,"52":1,"53":0,"54":0,"55":3},"f":{"0":10,"1":2,"2":2,"3":2,"4":2,"5":2,"6":2,"7":2,"8":2,"9":2,"10":2},"b":{"0":[1,1],"1":[1,1],"2":[0,1],"3":[1,1],"4":[1,1]}}
,"D:\\Work\\nodejs-setup\\src\\service\\users.ts": {"path":"D:\\Work\\nodejs-setup\\src\\service\\users.ts","statementMap":{"0":{"start":{"line":2,"column":0},"end":{"line":2,"column":47}},"1":{"start":{"line":3,"column":15},"end":{"line":3,"column":32}},"2":{"start":{"line":4,"column":0},"end":{"line":4,"column":31}},"3":{"start":{"line":8,"column":9},"end":{"line":56,"column":4}},"4":{"start":{"line":8,"column":75},"end":{"line":56,"column":4}},"5":{"start":{"line":9,"column":4},"end":{"line":54,"column":5}},"6":{"start":{"line":10,"column":34},"end":{"line":10,"column":42}},"7":{"start":{"line":12,"column":6},"end":{"line":14,"column":7}},"8":{"start":{"line":13,"column":8},"end":{"line":13,"column":78}},"9":{"start":{"line":16,"column":19},"end":{"line":16,"column":33}},"10":{"start":{"line":19,"column":19},"end":{"line":19,"column":48}},"11":{"start":{"line":20,"column":6},"end":{"line":22,"column":7}},"12":{"start":{"line":21,"column":8},"end":{"line":21,"column":60}},"13":{"start":{"line":25,"column":22},"end":{"line":25,"column":67}},"14":{"start":{"line":26,"column":6},"end":{"line":28,"column":7}},"15":{"start":{"line":27,"column":8},"end":{"line":27,"column":64}},"16":{"start":{"line":32,"column":20},"end":{"line":35,"column":null}},"17":{"start":{"line":38,"column":6},"end":{"line":49,"column":8}},"18":{"start":{"line":52,"column":6},"end":{"line":52,"column":43}},"19":{"start":{"line":53,"column":6},"end":{"line":53,"column":18}},"20":{"start":{"line":58,"column":9},"end":{"line":99,"column":null}},"21":{"start":{"line":58,"column":76},"end":{"line":99,"column":null}},"22":{"start":{"line":59,"column":4},"end":{"line":98,"column":5}},"23":{"start":{"line":60,"column":44},"end":{"line":60,"column":52}},"24":{"start":{"line":62,"column":6},"end":{"line":64,"column":7}},"25":{"start":{"line":63,"column":8},"end":{"line":63,"column":61}},"26":{"start":{"line":66,"column":19},"end":{"line":66,"column":33}},"27":{"start":{"line":69,"column":27},"end":{"line":69,"column":56}},"28":{"start":{"line":70,"column":6},"end":{"line":72,"column":7}},"29":{"start":{"line":71,"column":8},"end":{"line":71,"column":81}},"30":{"start":{"line":75,"column":29},"end":{"line":75,"column":60}},"31":{"start":{"line":78,"column":22},"end":{"line":82,"column":8}},"32":{"start":{"line":84,"column":6},"end":{"line":84,"column":27}},"33":{"start":{"line":86,"column":6},"end":{"line":94,"column":8}},"34":{"start":{"line":96,"column":6},"end":{"line":96,"column":44}},"35":{"start":{"line":97,"column":6},"end":{"line":97,"column":18}},"36":{"start":{"line":6,"column":0},"end":{"line":6,"column":13}}},"fnMap":{"0":{"name":"(anonymous_8)","decl":{"start":{"line":6,"column":0},"end":{"line":6,"column":13}},"loc":{"start":{"line":6,"column":0},"end":{"line":108,"column":1}}},"1":{"name":"(anonymous_9)","decl":{"start":{"line":8,"column":17},"end":{"line":8,"column":24}},"loc":{"start":{"line":8,"column":75},"end":{"line":56,"column":4}}},"2":{"name":"(anonymous_10)","decl":{"start":{"line":8,"column":75},"end":{"line":8,"column":null}},"loc":{"start":{"line":8,"column":75},"end":{"line":56,"column":3}}},"3":{"name":"(anonymous_11)","decl":{"start":{"line":58,"column":18},"end":{"line":58,"column":25}},"loc":{"start":{"line":58,"column":76},"end":{"line":99,"column":null}}},"4":{"name":"(anonymous_12)","decl":{"start":{"line":58,"column":76},"end":{"line":58,"column":null}},"loc":{"start":{"line":58,"column":76},"end":{"line":99,"column":3}}}},"branchMap":{"0":{"loc":{"start":{"line":12,"column":6},"end":{"line":14,"column":7}},"type":"if","locations":[{"start":{"line":12,"column":6},"end":{"line":14,"column":7}},{"start":{},"end":{}}]},"1":{"loc":{"start":{"line":12,"column":10},"end":{"line":12,"column":29}},"type":"binary-expr","locations":[{"start":{"line":12,"column":10},"end":{"line":12,"column":16}},{"start":{"line":12,"column":20},"end":{"line":12,"column":29}}]},"2":{"loc":{"start":{"line":20,"column":6},"end":{"line":22,"column":7}},"type":"if","locations":[{"start":{"line":20,"column":6},"end":{"line":22,"column":7}},{"start":{},"end":{}}]},"3":{"loc":{"start":{"line":26,"column":6},"end":{"line":28,"column":7}},"type":"if","locations":[{"start":{"line":26,"column":6},"end":{"line":28,"column":7}},{"start":{},"end":{}}]},"4":{"loc":{"start":{"line":62,"column":6},"end":{"line":64,"column":7}},"type":"if","locations":[{"start":{"line":62,"column":6},"end":{"line":64,"column":7}},{"start":{},"end":{}}]},"5":{"loc":{"start":{"line":62,"column":10},"end":{"line":62,"column":42}},"type":"binary-expr","locations":[{"start":{"line":62,"column":10},"end":{"line":62,"column":19}},{"start":{"line":62,"column":23},"end":{"line":62,"column":29}},{"start":{"line":62,"column":33},"end":{"line":62,"column":42}}]},"6":{"loc":{"start":{"line":70,"column":6},"end":{"line":72,"column":7}},"type":"if","locations":[{"start":{"line":70,"column":6},"end":{"line":72,"column":7}},{"start":{},"end":{}}]}},"s":{"0":3,"1":3,"2":3,"3":1,"4":6,"5":6,"6":6,"7":6,"8":2,"9":4,"10":4,"11":3,"12":1,"13":2,"14":2,"15":1,"16":1,"17":1,"18":1,"19":1,"20":1,"21":4,"22":4,"23":4,"24":4,"25":1,"26":3,"27":3,"28":2,"29":1,"30":1,"31":1,"32":1,"33":1,"34":1,"35":1,"36":3},"f":{"0":1,"1":6,"2":6,"3":4,"4":4},"b":{"0":[2,4],"1":[6,5],"2":[1,2],"3":[1,1],"4":[1,3],"5":[4,3,3],"6":[1,1]}}
}
