TN:
SF:src\controller\product.ts
FN:5,(anonymous_7)
FN:8,(anonymous_8)
FN:8,(anonymous_9)
FN:23,(anonymous_10)
FN:23,(anonymous_11)
FN:37,(anonymous_12)
FN:37,(anonymous_13)
FN:51,(anonymous_14)
FN:51,(anonymous_15)
FN:65,(anonymous_16)
FN:65,(anonymous_17)
FNF:11
FNH:11
FNDA:3,(anonymous_7)
FNDA:10,(anonymous_8)
FNDA:10,(anonymous_9)
FNDA:8,(anonymous_10)
FNDA:8,(anonymous_11)
FNDA:8,(anonymous_12)
FNDA:8,(anonymous_13)
FNDA:8,(anonymous_14)
FNDA:8,(anonymous_15)
FNDA:8,(anonymous_16)
FNDA:8,(anonymous_17)
DA:2,3
DA:5,3
DA:8,10
DA:9,10
DA:10,10
DA:11,10
DA:12,7
DA:13,4
DA:15,3
DA:18,3
DA:23,8
DA:24,8
DA:25,8
DA:26,8
DA:27,6
DA:28,3
DA:30,3
DA:32,2
DA:37,8
DA:38,8
DA:39,8
DA:40,8
DA:41,5
DA:42,2
DA:44,3
DA:46,3
DA:51,8
DA:52,8
DA:53,8
DA:54,8
DA:55,6
DA:56,3
DA:58,3
DA:60,2
DA:65,8
DA:66,8
DA:67,8
DA:68,8
DA:69,6
DA:70,3
DA:72,3
DA:74,2
LF:42
LH:42
BRDA:12,0,0,4
BRDA:12,0,1,3
BRDA:13,1,0,4
BRDA:13,1,1,0
BRDA:18,2,0,3
BRDA:18,2,1,0
BRDA:27,3,0,3
BRDA:27,3,1,3
BRDA:28,4,0,3
BRDA:28,4,1,0
BRDA:32,5,0,2
BRDA:32,5,1,0
BRDA:41,6,0,2
BRDA:41,6,1,3
BRDA:42,7,0,2
BRDA:42,7,1,0
BRDA:46,8,0,3
BRDA:46,8,1,0
BRDA:55,9,0,3
BRDA:55,9,1,3
BRDA:56,10,0,3
BRDA:56,10,1,0
BRDA:60,11,0,2
BRDA:60,11,1,0
BRDA:69,12,0,3
BRDA:69,12,1,3
BRDA:70,13,0,3
BRDA:70,13,1,0
BRDA:74,14,0,2
BRDA:74,14,1,0
BRF:30
BRH:20
end_of_record
TN:
SF:src\controller\users.ts
FN:5,(anonymous_7)
FN:8,(anonymous_8)
FN:8,(anonymous_9)
FN:23,(anonymous_10)
FN:23,(anonymous_11)
FNF:5
FNH:5
FNDA:2,(anonymous_7)
FNDA:3,(anonymous_8)
FNDA:3,(anonymous_9)
FNDA:3,(anonymous_10)
FNDA:3,(anonymous_11)
DA:2,2
DA:5,2
DA:8,3
DA:9,3
DA:10,3
DA:11,3
DA:12,2
DA:13,1
DA:16,1
DA:18,1
DA:23,3
DA:24,3
DA:25,3
DA:26,3
DA:28,2
DA:29,1
DA:32,1
DA:34,1
LF:18
LH:18
BRDA:12,0,0,1
BRDA:12,0,1,1
BRDA:13,1,0,1
BRDA:13,1,1,0
BRDA:18,2,0,1
BRDA:18,2,1,0
BRDA:28,3,0,1
BRDA:28,3,1,1
BRDA:29,4,0,1
BRDA:29,4,1,0
BRDA:34,5,0,1
BRDA:34,5,1,0
BRF:12
BRH:8
end_of_record
TN:
SF:src\middleware\auth.ts
FN:4,(anonymous_8)
FN:4,(anonymous_9)
FNF:2
FNH:2
FNDA:21,(anonymous_8)
FNDA:21,(anonymous_9)
DA:2,1
DA:4,21
DA:5,21
DA:7,21
DA:8,5
DA:14,16
DA:15,16
DA:17,16
DA:18,2
DA:24,14
DA:25,14
DA:26,10
DA:27,10
DA:29,4
LF:14
LH:14
BRDA:7,0,0,5
BRDA:7,0,1,16
BRDA:17,1,0,2
BRDA:17,1,1,14
BRF:4
BRH:4
end_of_record
TN:
SF:src\models\product.ts
FN:25,getProductModel
FNF:1
FNH:0
FNDA:0,getProductModel
DA:2,3
DA:5,3
DA:15,3
DA:26,0
DA:29,3
LF:5
LH:4
BRF:0
BRH:0
end_of_record
TN:
SF:src\models\users.ts
FN:23,getUserModel
FNF:1
FNH:0
FNDA:0,getUserModel
DA:2,3
DA:5,3
DA:14,3
DA:24,0
DA:28,3
LF:5
LH:4
BRF:0
BRH:0
end_of_record
TN:
SF:src\routes\index.ts
FNF:0
FNH:0
DA:1,1
DA:2,1
DA:3,1
DA:5,1
DA:7,1
DA:8,1
DA:11,1
LF:7
LH:7
BRF:0
BRH:0
end_of_record
TN:
SF:src\routes\product.ts
FNF:0
FNH:0
DA:1,1
DA:2,1
DA:3,1
DA:4,1
DA:6,1
DA:8,1
DA:10,1
DA:11,1
DA:12,1
DA:13,1
DA:14,1
DA:16,1
LF:12
LH:12
BRF:0
BRH:0
end_of_record
TN:
SF:src\routes\users.ts
FNF:0
FNH:0
DA:1,2
DA:2,2
DA:3,2
DA:5,2
DA:10,2
DA:11,2
DA:13,2
LF:7
LH:7
BRF:0
BRH:0
end_of_record
TN:
SF:src\service\product.ts
FN:4,(anonymous_7)
FN:6,(anonymous_8)
FN:6,(anonymous_9)
FN:26,(anonymous_10)
FN:26,(anonymous_11)
FN:46,(anonymous_12)
FN:46,(anonymous_13)
FN:65,(anonymous_14)
FN:65,(anonymous_15)
FN:84,(anonymous_16)
FN:84,(anonymous_17)
FNF:11
FNH:11
FNDA:10,(anonymous_7)
FNDA:2,(anonymous_8)
FNDA:2,(anonymous_9)
FNDA:2,(anonymous_10)
FNDA:2,(anonymous_11)
FNDA:2,(anonymous_12)
FNDA:2,(anonymous_13)
FNDA:2,(anonymous_14)
FNDA:2,(anonymous_15)
FNDA:2,(anonymous_16)
FNDA:2,(anonymous_17)
DA:2,3
DA:4,3
DA:6,10
DA:7,2
DA:9,2
DA:10,2
DA:13,2
DA:14,1
DA:17,1
DA:21,0
DA:22,0
DA:26,10
DA:27,2
DA:28,2
DA:29,2
DA:30,2
DA:32,2
DA:33,1
DA:36,1
DA:39,0
DA:40,0
DA:46,10
DA:47,2
DA:48,2
DA:49,2
DA:50,2
DA:52,1
DA:53,0
DA:56,1
DA:59,1
DA:60,1
DA:65,10
DA:66,2
DA:67,2
DA:68,2
DA:69,2
DA:70,2
DA:71,1
DA:73,1
DA:78,0
DA:79,0
DA:84,10
DA:85,2
DA:86,2
DA:87,2
DA:88,2
DA:90,2
DA:91,1
DA:94,1
DA:97,0
DA:98,0
LF:51
LH:42
BRDA:13,0,0,1
BRDA:13,0,1,1
BRDA:32,1,0,1
BRDA:32,1,1,1
BRDA:52,2,0,0
BRDA:52,2,1,1
BRDA:70,3,0,1
BRDA:70,3,1,1
BRDA:90,4,0,1
BRDA:90,4,1,1
BRF:10
BRH:9
end_of_record
TN:
SF:src\service\users.ts
FN:6,(anonymous_8)
FN:8,(anonymous_9)
FN:8,(anonymous_10)
FN:58,(anonymous_11)
FN:58,(anonymous_12)
FNF:5
FNH:5
FNDA:1,(anonymous_8)
FNDA:6,(anonymous_9)
FNDA:6,(anonymous_10)
FNDA:4,(anonymous_11)
FNDA:4,(anonymous_12)
DA:2,3
DA:3,3
DA:4,3
DA:6,3
DA:8,6
DA:9,6
DA:10,6
DA:12,6
DA:13,2
DA:16,4
DA:19,4
DA:20,3
DA:21,1
DA:25,2
DA:26,2
DA:27,1
DA:32,1
DA:38,1
DA:52,1
DA:53,1
DA:58,4
DA:59,4
DA:60,4
DA:62,4
DA:63,1
DA:66,3
DA:69,3
DA:70,2
DA:71,1
DA:75,1
DA:78,1
DA:84,1
DA:86,1
DA:96,1
DA:97,1
LF:35
LH:35
BRDA:12,0,0,2
BRDA:12,0,1,4
BRDA:12,1,0,6
BRDA:12,1,1,5
BRDA:20,2,0,1
BRDA:20,2,1,2
BRDA:26,3,0,1
BRDA:26,3,1,1
BRDA:62,4,0,1
BRDA:62,4,1,3
BRDA:62,5,0,4
BRDA:62,5,1,3
BRDA:62,5,2,3
BRDA:70,6,0,1
BRDA:70,6,1,1
BRF:15
BRH:15
end_of_record
